\BOOKMARK [0][-]{chapter*.2}{Unit\040Overview}{}% 1
\BOOKMARK [1][-]{section*.3}{Topics\040and\040Schedule}{chapter*.2}% 2
\BOOKMARK [1][-]{table.0.1}{Discussion\040session\040-\040Thursday\0402ndApril}{chapter*.2}% 3
\BOOKMARK [1][-]{table.0.1}{Suggested\040textbook}{chapter*.2}% 4
\BOOKMARK [1][-]{table.0.1}{Lecture\040notes,\040slides,\040recordings}{chapter*.2}% 5
\BOOKMARK [0][-]{chapter.1}{Overview\040of\040Observational\040Cosmology}{}% 6
\BOOKMARK [1][-]{section.1.1}{The\040Cosmological\040Principle}{chapter.1}% 7
\BOOKMARK [1][-]{section.1.2}{A\040brief\040history\040of\040the\040Universe}{chapter.1}% 8
\BOOKMARK [1][-]{section.1.3}{The\040first\040second}{chapter.1}% 9
\BOOKMARK [1][-]{section.1.4}{After\040the\040first\040second:}{chapter.1}% 10
\BOOKMARK [1][-]{section.1.5}{The\040Expanding\040Universe}{chapter.1}% 11
\BOOKMARK [0][-]{chapter.2}{Equations\040of\040the\040Expanding\040Universe}{}% 12
\BOOKMARK [1][-]{section.2.1}{Metric\040of\040space-time}{chapter.2}% 13
\BOOKMARK [1][-]{section.2.2}{The\040Einstein\040Equations}{chapter.2}% 14
\BOOKMARK [1][-]{section.2.3}{Fluid\040equation}{chapter.2}% 15
\BOOKMARK [1][-]{section.2.4}{Ricci\040tensor\040and\040Ricci\040scalar}{chapter.2}% 16
\BOOKMARK [1][-]{section.2.5}{Friedman\040Equation}{chapter.2}% 17
\BOOKMARK [1][-]{section.2.6}{Natural\040units\040a.k.a.\040where\040have\040all\040the\040c^2's\040gone?}{chapter.2}% 18
\BOOKMARK [1][-]{section.2.7}{An\040alternative\040derivation\040of\040the\040Friedman\040equation}{chapter.2}% 19
\BOOKMARK [1][-]{section.2.8}{The\040meaning\040of\040k}{chapter.2}% 20
\BOOKMARK [1][-]{section.2.9}{Exercises}{chapter.2}% 21
\BOOKMARK [0][-]{chapter.3}{Composition\040of\040the\040Universe}{}% 22
\BOOKMARK [1][-]{section.3.1}{Matter}{chapter.3}% 23
\BOOKMARK [1][-]{section.3.2}{Radiation}{chapter.3}% 24
\BOOKMARK [1][-]{section.3.3}{Why\040does\040a\040radiation\040dominated\040Universe\040expand\040more\040slowly?}{chapter.3}% 25
\BOOKMARK [1][-]{section.3.4}{Mixing\040matter\040and\040radiation}{chapter.3}% 26
\BOOKMARK [1][-]{section.3.5}{Cosmological\040Constant}{chapter.3}% 27
\BOOKMARK [1][-]{section.3.6}{Exercises}{chapter.3}% 28
\BOOKMARK [0][-]{chapter.4}{Observational\040Parameters}{}% 29
\BOOKMARK [0][-]{chapter.5}{Observational\040Techniques}{}% 30
\BOOKMARK [0][-]{chapter.6}{\\LambdaCDM:\040The\040Standard\040Cosmological\040Model}{}% 31
\BOOKMARK [0][-]{chapter.7}{Dark\040Matter}{}% 32
\BOOKMARK [0][-]{chapter.8}{Structures\040in\040the\040Universe}{}% 33
\BOOKMARK [0][-]{chapter.9}{Inflation}{}% 34
\BOOKMARK [0][-]{chapter.10}{The\040Evolving\040Universe}{}% 35
